[2026-06-13 23:16:22] ════ rn_daily START ════
[2026-06-13 23:16:23] [0/4] refresh sky data (moon phase + mercury rx)
sky updated: 🌘 Waning Crescent 2% | mercury_rx=false (no table)
[2026-06-13 23:16:23]   ok
[2026-06-13 23:16:23] [1/4] freshness audit
freshness_audit: all 15 pages within 60d window
[2026-06-13 23:16:23]   ok
[2026-06-13 23:16:23] [2/4] quality gate
quality_gate=passed pages=15 warnings=0
[2026-06-13 23:16:23]   ok
[2026-06-13 23:16:23] [3/4] build + deploy
[23:16:23] [1/7] quality gate
quality_gate=passed pages=15 warnings=0
[23:16:23] [2/7] generate pages + /go/ redirects
generated=15
go_redirects=9 affiliate_id=FALLBACK
[23:16:23] [3/7] hugo build
Start building sites … 
hugo v0.161.1-ea8f66a7ce988664dcc84c052fc96757042e2e4a+extended windows/amd64 BuildDate=2026-04-29T13:56:01Z VendorInfo=gohugoio

WARN  deprecated: .Site.Data was deprecated in Hugo v0.156.0 and will be removed in a future release. Use hugo.Data instead.

                  │ EN 
──────────────────┼────
 Pages            │ 30 
 Paginator pages  │  0 
 Non-page files   │  0 
 Static files     │  9 
 Processed images │  0 
 Aliases          │  0 
 Cleaned          │  0 

Total in 36 ms
[23:16:23]       built 34 html files
[23:16:23] [4/7] backup remote webroot
[23:16:25] [5/7] push build
[23:16:30] [6/7] extract + prune + chown
[23:16:32] [7/7] verify live
[23:16:39]       home=200 tarot=200 go=200
[23:16:39] ✅ deploy complete → https://www.roamsnotes.com/
[2026-06-13 23:16:39]   ✓ deployed
[2026-06-13 23:16:39] [4/4] health check
[2026-06-13 23:16:47]   canonical(http→)=301 home=200 sitemap=25 go=200 empty_ids=4/4
[2026-06-13 23:16:47]   ⚠ 4 of 4 ids still empty in hugo.toml — analytics/affiliate not fully live
[2026-06-13 23:16:47] ════ rn_daily END (OK) ════
